0 info it worked if it ends with ok
1 verbose cli [ 'C:\\Program Files\\nodejs\\\\node.exe',
1 verbose cli   'C:\\Program Files\\nodejs\\node_modules\\npm\\bin\\npm-cli.js',
1 verbose cli   'install' ]
2 info using npm@1.4.28
3 info using node@v0.10.32
4 verbose node symlink C:\Program Files\nodejs\\node.exe
5 error install Couldn't read dependencies
6 error package.json ENOENT, open 'N:\PC backup 17th april 2014\C drive my files\Nikita PC Backup 16th jan 2014\OS(C) Drive backup\Nikita_PC Data\sjsu\Fall 2014\CMPE 281 Cloud Computing\project\startbootstrap-sb-admin-1.0.0\package.json'
6 error package.json This is most likely not a problem with npm itself.
6 error package.json npm can't find a package.json file in your current directory.
7 error System Windows_NT 6.2.9200
8 error command "C:\\Program Files\\nodejs\\\\node.exe" "C:\\Program Files\\nodejs\\node_modules\\npm\\bin\\npm-cli.js" "install"
9 error cwd N:\PC backup 17th april 2014\C drive my files\Nikita PC Backup 16th jan 2014\OS(C) Drive backup\Nikita_PC Data\sjsu\Fall 2014\CMPE 281 Cloud Computing\project\startbootstrap-sb-admin-1.0.0
10 error node -v v0.10.32
11 error npm -v 1.4.28
12 error path N:\PC backup 17th april 2014\C drive my files\Nikita PC Backup 16th jan 2014\OS(C) Drive backup\Nikita_PC Data\sjsu\Fall 2014\CMPE 281 Cloud Computing\project\startbootstrap-sb-admin-1.0.0\package.json
13 error code ENOPACKAGEJSON
14 error errno 34
15 verbose exit [ 34, true ]
